<?xml version="1.0" encoding="UTF-8"?>
<!-- Generated by org.testng.reporters.JUnitReportReporter -->
<testsuite hostname="CISPL-IO-72" failures="0" tests="1" name="Testpackage.Demoedge" time="70.942" errors="0" timestamp="2024-10-07T15:49:03 IST" skipped="0">
  <testcase classname="Testpackage.Demoedge" name="gettite" time="70.942"/>
</testsuite> <!-- Testpackage.Demoedge -->
