<?xml version="1.0" encoding="UTF-8"?>
<!-- Generated by org.testng.reporters.JUnitReportReporter -->
<testsuite hostname="CISPL-IO-72" failures="0" tests="1" name="Testpackage.Demofirefox" time="73.142" errors="0" timestamp="2024-10-07T16:02:00 IST" skipped="0">
  <testcase classname="Testpackage.Demofirefox" name="gettite" time="73.142"/>
</testsuite> <!-- Testpackage.Demofirefox -->
